Using pre-set license
Built from '2020.3/staging' branch; Version is '2020.3.5f1 (8095aa901b9b) revision 8426922'; Using compiler version '192528614'; Build Type 'Release'
OS: 'Windows 10 Home; OS build 19041.985; Version 2004; 64bit' Language: 'es' Physical Memory: 16330 MB
BatchMode: 1, IsHumanControllingUs: 0, StartBugReporterOnCrash: 0, Is64bit: 1, IsPro: 0

 COMMAND LINE ARGUMENTS:
C:\Program Files\Unity\Hub\Editor\2020.3.5f1\Editor\Unity.exe
-adb2
-batchMode
-noUpm
-name
AssetImportWorker2
-projectPath
C:/Users/Hector Ramirez/Downloads/Castlevania Shymphony of the Night
-logFile
Logs/AssetImportWorker2.log
-srvPort
49531
Successfully changed project path to: C:/Users/Hector Ramirez/Downloads/Castlevania Shymphony of the Night
C:/Users/Hector Ramirez/Downloads/Castlevania Shymphony of the Night
Using Asset Import Pipeline V2.
Refreshing native plugins compatible for Editor in 30.81 ms, found 1 plugins.
Preloading 0 native plugins for Editor in 0.00 ms.
Initialize engine version: 2020.3.5f1 (8095aa901b9b)
[Subsystems] Discovering subsystems at path C:/Program Files/Unity/Hub/Editor/2020.3.5f1/Editor/Data/Resources/UnitySubsystems
[Subsystems] Discovering subsystems at path C:/Users/Hector Ramirez/Downloads/Castlevania Shymphony of the Night/Assets
GfxDevice: creating device client; threaded=0
Direct3D:
    Version:  Direct3D 11.0 [level 11.1]
    Renderer: NVIDIA GeForce GTX 1660 (ID=0x2184)
    Vendor:   
    VRAM:     5991 MB
    Driver:   27.21.14.6192
Initialize mono
Mono path[0] = 'C:/Program Files/Unity/Hub/Editor/2020.3.5f1/Editor/Data/Managed'
Mono path[1] = 'C:/Program Files/Unity/Hub/Editor/2020.3.5f1/Editor/Data/MonoBleedingEdge/lib/mono/unityjit'
Mono config path = 'C:/Program Files/Unity/Hub/Editor/2020.3.5f1/Editor/Data/MonoBleedingEdge/etc'
Using monoOptions --debugger-agent=transport=dt_socket,embedding=1,server=y,suspend=n,address=127.0.0.1:56980
Begin MonoManager ReloadAssembly
Registering precompiled unity dll's ...
Register platform support module: C:/Program Files/Unity/Hub/Editor/2020.3.5f1/Editor/Data/PlaybackEngines/WindowsStandaloneSupport/UnityEditor.WindowsStandalone.Extensions.dll
Registered in 0.001750 seconds.
Native extension for WindowsStandalone target not found
Refreshing native plugins compatible for Editor in 32.83 ms, found 1 plugins.
Preloading 0 native plugins for Editor in 0.00 ms.
Mono: successfully reloaded assembly
- Completed reload, in  1.062 seconds
Platform modules already initialized, skipping
Registering precompiled user dll's ...
Registered in 0.000771 seconds.
Begin MonoManager ReloadAssembly
Native extension for WindowsStandalone target not found
Refreshing native plugins compatible for Editor in 35.53 ms, found 1 plugins.
Preloading 0 native plugins for Editor in 0.00 ms.
Mono: successfully reloaded assembly
- Completed reload, in  0.801 seconds
Platform modules already initialized, skipping
========================================================================
Worker process is ready to serve import requests
Launched and connected shader compiler UnityShaderCompiler.exe after 0.08 seconds
Refreshing native plugins compatible for Editor in 0.40 ms, found 1 plugins.
Preloading 0 native plugins for Editor in 0.00 ms.
Unloading 1814 Unused Serialized files (Serialized files now loaded: 0)
System memory in use before: 85.2 MB.
System memory in use after: 85.1 MB.

Unloading 24 unused Assets to reduce memory usage. Loaded Objects now: 2257.
Total: 2.259100 ms (FindLiveObjects: 0.223400 ms CreateObjectMapping: 0.047600 ms MarkObjects: 1.866200 ms  DeleteObjects: 0.120600 ms)

========================================================================
Received Import Request.
  path: Assets/Castlevania/Objects
  artifactKey: Guid(8b55ec4e57b29ed4d8d0f8f8f9e333b5) Importer(815301076,1909f56bfc062723c751e8b465ee728b)
Start importing Assets/Castlevania/Objects using Guid(8b55ec4e57b29ed4d8d0f8f8f9e333b5) Importer(815301076,1909f56bfc062723c751e8b465ee728b)  -> (artifact id: '2d0459e404daba1f9c65d4db2bfb33d0') in 0.006060 seconds
  Import took 0.009293 seconds .

========================================================================
Received Import Request.
  Time since last request: 105.055347 seconds.
  path: Assets/Castlevania/Objects/food.png
  artifactKey: Guid(c19da74c993b0a443bc4c37c068b9181) Importer(815301076,1909f56bfc062723c751e8b465ee728b)
Start importing Assets/Castlevania/Objects/food.png using Guid(c19da74c993b0a443bc4c37c068b9181) Importer(815301076,1909f56bfc062723c751e8b465ee728b)  -> (artifact id: '7e3435e507b56d4eb1eb003ca8d9c5ae') in 0.099435 seconds
  Import took 0.102552 seconds .

========================================================================
Received Prepare
Registering precompiled user dll's ...
Registered in 0.000890 seconds.
Begin MonoManager ReloadAssembly
Native extension for WindowsStandalone target not found
Refreshing native plugins compatible for Editor in 0.46 ms, found 1 plugins.
Preloading 0 native plugins for Editor in 0.00 ms.
Mono: successfully reloaded assembly
- Completed reload, in  0.696 seconds
Platform modules already initialized, skipping
Refreshing native plugins compatible for Editor in 0.44 ms, found 1 plugins.
Preloading 0 native plugins for Editor in 0.00 ms.
Unloading 1809 Unused Serialized files (Serialized files now loaded: 0)
System memory in use before: 88.2 MB.
System memory in use after: 88.2 MB.

Unloading 12 unused Assets to reduce memory usage. Loaded Objects now: 2267.
Total: 1.948300 ms (FindLiveObjects: 0.232000 ms CreateObjectMapping: 0.043600 ms MarkObjects: 1.561100 ms  DeleteObjects: 0.110700 ms)

========================================================================
Received Prepare
Registering precompiled user dll's ...
Registered in 0.000855 seconds.
Begin MonoManager ReloadAssembly
Native extension for WindowsStandalone target not found
Refreshing native plugins compatible for Editor in 0.42 ms, found 1 plugins.
Preloading 0 native plugins for Editor in 0.00 ms.
Mono: successfully reloaded assembly
- Completed reload, in  0.704 seconds
Platform modules already initialized, skipping
Refreshing native plugins compatible for Editor in 0.41 ms, found 1 plugins.
Preloading 0 native plugins for Editor in 0.00 ms.
Unloading 1809 Unused Serialized files (Serialized files now loaded: 0)
System memory in use before: 88.2 MB.
System memory in use after: 88.2 MB.

Unloading 12 unused Assets to reduce memory usage. Loaded Objects now: 2271.
Total: 2.070900 ms (FindLiveObjects: 0.213700 ms CreateObjectMapping: 0.042400 ms MarkObjects: 1.698300 ms  DeleteObjects: 0.115200 ms)

========================================================================
Received Prepare
Registering precompiled user dll's ...
Registered in 0.000940 seconds.
Begin MonoManager ReloadAssembly
Native extension for WindowsStandalone target not found
Refreshing native plugins compatible for Editor in 0.42 ms, found 1 plugins.
Preloading 0 native plugins for Editor in 0.00 ms.
Mono: successfully reloaded assembly
- Completed reload, in  0.685 seconds
Platform modules already initialized, skipping
Refreshing native plugins compatible for Editor in 0.41 ms, found 1 plugins.
Preloading 0 native plugins for Editor in 0.00 ms.
Unloading 1809 Unused Serialized files (Serialized files now loaded: 0)
System memory in use before: 88.2 MB.
System memory in use after: 88.2 MB.

Unloading 12 unused Assets to reduce memory usage. Loaded Objects now: 2275.
Total: 1.909300 ms (FindLiveObjects: 0.200700 ms CreateObjectMapping: 0.044600 ms MarkObjects: 1.555000 ms  DeleteObjects: 0.107900 ms)

========================================================================
Received Prepare
Registering precompiled user dll's ...
Registered in 0.000943 seconds.
Begin MonoManager ReloadAssembly
Native extension for WindowsStandalone target not found
Refreshing native plugins compatible for Editor in 0.41 ms, found 1 plugins.
Preloading 0 native plugins for Editor in 0.00 ms.
Mono: successfully reloaded assembly
- Completed reload, in  0.699 seconds
Platform modules already initialized, skipping
Refreshing native plugins compatible for Editor in 0.41 ms, found 1 plugins.
Preloading 0 native plugins for Editor in 0.00 ms.
Unloading 1809 Unused Serialized files (Serialized files now loaded: 0)
System memory in use before: 88.3 MB.
System memory in use after: 88.2 MB.

Unloading 12 unused Assets to reduce memory usage. Loaded Objects now: 2279.
Total: 2.178200 ms (FindLiveObjects: 0.227600 ms CreateObjectMapping: 0.043700 ms MarkObjects: 1.800500 ms  DeleteObjects: 0.105400 ms)

========================================================================
Received Prepare
Registering precompiled user dll's ...
Registered in 0.001076 seconds.
Begin MonoManager ReloadAssembly
Native extension for WindowsStandalone target not found
Refreshing native plugins compatible for Editor in 0.42 ms, found 1 plugins.
Preloading 0 native plugins for Editor in 0.00 ms.
Mono: successfully reloaded assembly
- Completed reload, in  0.693 seconds
Platform modules already initialized, skipping
Refreshing native plugins compatible for Editor in 0.41 ms, found 1 plugins.
Preloading 0 native plugins for Editor in 0.00 ms.
Unloading 1809 Unused Serialized files (Serialized files now loaded: 0)
System memory in use before: 88.3 MB.
System memory in use after: 88.3 MB.

Unloading 12 unused Assets to reduce memory usage. Loaded Objects now: 2283.
Total: 2.253500 ms (FindLiveObjects: 0.270600 ms CreateObjectMapping: 0.039400 ms MarkObjects: 1.819100 ms  DeleteObjects: 0.122600 ms)

========================================================================
Received Import Request.
  Time since last request: 729.051818 seconds.
  path: Assets/Castlevania/Assets/Audio/ha.mp3
  artifactKey: Guid(fe034e5ff605ce54db25be43103064a1) Importer(815301076,1909f56bfc062723c751e8b465ee728b)
Start importing Assets/Castlevania/Assets/Audio/ha.mp3 using Guid(fe034e5ff605ce54db25be43103064a1) Importer(815301076,1909f56bfc062723c751e8b465ee728b)  -> (artifact id: 'd092bad9ee89062dac88a38f93f61737') in 0.057544 seconds
  Import took 0.060752 seconds .

========================================================================
Received Prepare
Registering precompiled user dll's ...
Registered in 0.000890 seconds.
Begin MonoManager ReloadAssembly
Native extension for WindowsStandalone target not found
Refreshing native plugins compatible for Editor in 0.46 ms, found 1 plugins.
Preloading 0 native plugins for Editor in 0.00 ms.
Mono: successfully reloaded assembly
- Completed reload, in  0.686 seconds
Platform modules already initialized, skipping
Refreshing native plugins compatible for Editor in 0.40 ms, found 1 plugins.
Preloading 0 native plugins for Editor in 0.00 ms.
Unloading 1809 Unused Serialized files (Serialized files now loaded: 0)
System memory in use before: 88.4 MB.
System memory in use after: 88.3 MB.

Unloading 12 unused Assets to reduce memory usage. Loaded Objects now: 2294.
Total: 2.351900 ms (FindLiveObjects: 0.241700 ms CreateObjectMapping: 0.042500 ms MarkObjects: 1.937500 ms  DeleteObjects: 0.129300 ms)

========================================================================
Received Prepare
Registering precompiled user dll's ...
Registered in 0.000929 seconds.
Begin MonoManager ReloadAssembly
Native extension for WindowsStandalone target not found
Refreshing native plugins compatible for Editor in 0.41 ms, found 1 plugins.
Preloading 0 native plugins for Editor in 0.00 ms.
Mono: successfully reloaded assembly
- Completed reload, in  0.686 seconds
Platform modules already initialized, skipping
Refreshing native plugins compatible for Editor in 0.42 ms, found 1 plugins.
Preloading 0 native plugins for Editor in 0.00 ms.
Unloading 1809 Unused Serialized files (Serialized files now loaded: 0)
System memory in use before: 88.4 MB.
System memory in use after: 88.3 MB.

Unloading 12 unused Assets to reduce memory usage. Loaded Objects now: 2298.
Total: 1.946800 ms (FindLiveObjects: 0.237800 ms CreateObjectMapping: 0.046100 ms MarkObjects: 1.555100 ms  DeleteObjects: 0.106800 ms)

========================================================================
Received Prepare
Registering precompiled user dll's ...
Registered in 0.000976 seconds.
Begin MonoManager ReloadAssembly
Native extension for WindowsStandalone target not found
Refreshing native plugins compatible for Editor in 0.41 ms, found 1 plugins.
Preloading 0 native plugins for Editor in 0.00 ms.
Mono: successfully reloaded assembly
- Completed reload, in  0.672 seconds
Platform modules already initialized, skipping
Refreshing native plugins compatible for Editor in 0.41 ms, found 1 plugins.
Preloading 0 native plugins for Editor in 0.00 ms.
Unloading 1809 Unused Serialized files (Serialized files now loaded: 0)
System memory in use before: 88.4 MB.
System memory in use after: 88.4 MB.

Unloading 12 unused Assets to reduce memory usage. Loaded Objects now: 2302.
Total: 2.144300 ms (FindLiveObjects: 0.233900 ms CreateObjectMapping: 0.041500 ms MarkObjects: 1.748300 ms  DeleteObjects: 0.119300 ms)

========================================================================
Received Prepare
Registering precompiled user dll's ...
Registered in 0.000906 seconds.
Begin MonoManager ReloadAssembly
Native extension for WindowsStandalone target not found
Refreshing native plugins compatible for Editor in 0.42 ms, found 1 plugins.
Preloading 0 native plugins for Editor in 0.00 ms.
Mono: successfully reloaded assembly
- Completed reload, in  0.687 seconds
Platform modules already initialized, skipping
Refreshing native plugins compatible for Editor in 0.44 ms, found 1 plugins.
Preloading 0 native plugins for Editor in 0.00 ms.
Unloading 1809 Unused Serialized files (Serialized files now loaded: 0)
System memory in use before: 88.4 MB.
System memory in use after: 88.4 MB.

Unloading 12 unused Assets to reduce memory usage. Loaded Objects now: 2306.
Total: 1.930100 ms (FindLiveObjects: 0.236900 ms CreateObjectMapping: 0.041000 ms MarkObjects: 1.540700 ms  DeleteObjects: 0.110400 ms)

========================================================================
Received Import Request.
  Time since last request: 334.695848 seconds.
  path: Assets/Castlevania/Assets/Audio/no.mp3
  artifactKey: Guid(bafc01b1b5c3cc34a9cab373eb24b974) Importer(815301076,1909f56bfc062723c751e8b465ee728b)
Start importing Assets/Castlevania/Assets/Audio/no.mp3 using Guid(bafc01b1b5c3cc34a9cab373eb24b974) Importer(815301076,1909f56bfc062723c751e8b465ee728b)  -> (artifact id: 'c7a90e3c4ea46b6d7712adf8d32856d2') in 0.040745 seconds
  Import took 0.043910 seconds .

========================================================================
Received Prepare
Registering precompiled user dll's ...
Registered in 0.000822 seconds.
Begin MonoManager ReloadAssembly
Native extension for WindowsStandalone target not found
Refreshing native plugins compatible for Editor in 0.43 ms, found 1 plugins.
Preloading 0 native plugins for Editor in 0.00 ms.
Mono: successfully reloaded assembly
- Completed reload, in  0.697 seconds
Platform modules already initialized, skipping
Refreshing native plugins compatible for Editor in 0.40 ms, found 1 plugins.
Preloading 0 native plugins for Editor in 0.00 ms.
Unloading 1809 Unused Serialized files (Serialized files now loaded: 0)
System memory in use before: 88.4 MB.
System memory in use after: 88.4 MB.

Unloading 12 unused Assets to reduce memory usage. Loaded Objects now: 2311.
Total: 2.247500 ms (FindLiveObjects: 0.257000 ms CreateObjectMapping: 0.042600 ms MarkObjects: 1.838400 ms  DeleteObjects: 0.108400 ms)

========================================================================
Received Prepare
Registering precompiled user dll's ...
Registered in 0.000901 seconds.
Begin MonoManager ReloadAssembly
Native extension for WindowsStandalone target not found
Refreshing native plugins compatible for Editor in 0.43 ms, found 1 plugins.
Preloading 0 native plugins for Editor in 0.00 ms.
Mono: successfully reloaded assembly
- Completed reload, in  0.685 seconds
Platform modules already initialized, skipping
Refreshing native plugins compatible for Editor in 0.43 ms, found 1 plugins.
Preloading 0 native plugins for Editor in 0.00 ms.
Unloading 1809 Unused Serialized files (Serialized files now loaded: 0)
System memory in use before: 88.4 MB.
System memory in use after: 88.4 MB.

Unloading 12 unused Assets to reduce memory usage. Loaded Objects now: 2315.
Total: 2.059300 ms (FindLiveObjects: 0.220800 ms CreateObjectMapping: 0.041300 ms MarkObjects: 1.683900 ms  DeleteObjects: 0.111700 ms)

========================================================================
Received Prepare
Registering precompiled user dll's ...
Registered in 0.001169 seconds.
Begin MonoManager ReloadAssembly
Native extension for WindowsStandalone target not found
Refreshing native plugins compatible for Editor in 0.44 ms, found 1 plugins.
Preloading 0 native plugins for Editor in 0.00 ms.
Mono: successfully reloaded assembly
- Completed reload, in  0.683 seconds
Platform modules already initialized, skipping
Refreshing native plugins compatible for Editor in 0.40 ms, found 1 plugins.
Preloading 0 native plugins for Editor in 0.00 ms.
Unloading 1809 Unused Serialized files (Serialized files now loaded: 0)
System memory in use before: 88.4 MB.
System memory in use after: 88.4 MB.

Unloading 12 unused Assets to reduce memory usage. Loaded Objects now: 2319.
Total: 2.207600 ms (FindLiveObjects: 0.223100 ms CreateObjectMapping: 0.046400 ms MarkObjects: 1.833300 ms  DeleteObjects: 0.103400 ms)

========================================================================
Received Prepare
Registering precompiled user dll's ...
Registered in 0.000923 seconds.
Begin MonoManager ReloadAssembly
Native extension for WindowsStandalone target not found
Refreshing native plugins compatible for Editor in 0.46 ms, found 1 plugins.
Preloading 0 native plugins for Editor in 0.00 ms.
Mono: successfully reloaded assembly
- Completed reload, in  0.686 seconds
Platform modules already initialized, skipping
Refreshing native plugins compatible for Editor in 0.49 ms, found 1 plugins.
Preloading 0 native plugins for Editor in 0.00 ms.
Unloading 1809 Unused Serialized files (Serialized files now loaded: 0)
System memory in use before: 88.4 MB.
System memory in use after: 88.4 MB.

Unloading 12 unused Assets to reduce memory usage. Loaded Objects now: 2323.
Total: 2.358000 ms (FindLiveObjects: 0.240900 ms CreateObjectMapping: 0.039700 ms MarkObjects: 1.967200 ms  DeleteObjects: 0.108700 ms)

========================================================================
Received Prepare
Registering precompiled user dll's ...
Registered in 0.000976 seconds.
Begin MonoManager ReloadAssembly
Native extension for WindowsStandalone target not found
Refreshing native plugins compatible for Editor in 0.43 ms, found 1 plugins.
Preloading 0 native plugins for Editor in 0.00 ms.
Mono: successfully reloaded assembly
- Completed reload, in  0.668 seconds
Platform modules already initialized, skipping
Refreshing native plugins compatible for Editor in 0.41 ms, found 1 plugins.
Preloading 0 native plugins for Editor in 0.00 ms.
Unloading 1809 Unused Serialized files (Serialized files now loaded: 0)
System memory in use before: 88.4 MB.
System memory in use after: 88.4 MB.

Unloading 12 unused Assets to reduce memory usage. Loaded Objects now: 2327.
Total: 2.167800 ms (FindLiveObjects: 0.195500 ms CreateObjectMapping: 0.041600 ms MarkObjects: 1.810500 ms  DeleteObjects: 0.119400 ms)

========================================================================
Received Prepare
Registering precompiled user dll's ...
Registered in 0.000988 seconds.
Begin MonoManager ReloadAssembly
Native extension for WindowsStandalone target not found
Refreshing native plugins compatible for Editor in 0.41 ms, found 1 plugins.
Preloading 0 native plugins for Editor in 0.00 ms.
Mono: successfully reloaded assembly
- Completed reload, in  0.686 seconds
Platform modules already initialized, skipping
Refreshing native plugins compatible for Editor in 0.42 ms, found 1 plugins.
Preloading 0 native plugins for Editor in 0.00 ms.
Unloading 1809 Unused Serialized files (Serialized files now loaded: 0)
System memory in use before: 88.4 MB.
System memory in use after: 88.4 MB.

Unloading 12 unused Assets to reduce memory usage. Loaded Objects now: 2331.
Total: 2.094900 ms (FindLiveObjects: 0.239500 ms CreateObjectMapping: 0.043700 ms MarkObjects: 1.694000 ms  DeleteObjects: 0.116300 ms)

========================================================================
Received Prepare
Registering precompiled user dll's ...
Registered in 0.000995 seconds.
Begin MonoManager ReloadAssembly
Native extension for WindowsStandalone target not found
Refreshing native plugins compatible for Editor in 0.46 ms, found 1 plugins.
Preloading 0 native plugins for Editor in 0.00 ms.
Mono: successfully reloaded assembly
- Completed reload, in  0.687 seconds
Platform modules already initialized, skipping
Refreshing native plugins compatible for Editor in 0.41 ms, found 1 plugins.
Preloading 0 native plugins for Editor in 0.00 ms.
Unloading 1809 Unused Serialized files (Serialized files now loaded: 0)
System memory in use before: 88.5 MB.
System memory in use after: 88.4 MB.

Unloading 12 unused Assets to reduce memory usage. Loaded Objects now: 2335.
Total: 2.557200 ms (FindLiveObjects: 0.319900 ms CreateObjectMapping: 0.044100 ms MarkObjects: 2.067100 ms  DeleteObjects: 0.124500 ms)

========================================================================
Received Prepare
Registering precompiled user dll's ...
Registered in 0.001089 seconds.
Begin MonoManager ReloadAssembly
Native extension for WindowsStandalone target not found
Refreshing native plugins compatible for Editor in 0.41 ms, found 1 plugins.
Preloading 0 native plugins for Editor in 0.00 ms.
Mono: successfully reloaded assembly
- Completed reload, in  0.697 seconds
Platform modules already initialized, skipping
Refreshing native plugins compatible for Editor in 0.42 ms, found 1 plugins.
Preloading 0 native plugins for Editor in 0.00 ms.
Unloading 1809 Unused Serialized files (Serialized files now loaded: 0)
System memory in use before: 88.5 MB.
System memory in use after: 88.4 MB.

Unloading 12 unused Assets to reduce memory usage. Loaded Objects now: 2339.
Total: 2.020700 ms (FindLiveObjects: 0.259900 ms CreateObjectMapping: 0.045300 ms MarkObjects: 1.612600 ms  DeleteObjects: 0.101500 ms)

========================================================================
Received Prepare
Registering precompiled user dll's ...
Registered in 0.000913 seconds.
Begin MonoManager ReloadAssembly
Native extension for WindowsStandalone target not found
Refreshing native plugins compatible for Editor in 0.51 ms, found 1 plugins.
Preloading 0 native plugins for Editor in 0.00 ms.
Mono: successfully reloaded assembly
- Completed reload, in  0.684 seconds
Platform modules already initialized, skipping
Refreshing native plugins compatible for Editor in 0.46 ms, found 1 plugins.
Preloading 0 native plugins for Editor in 0.00 ms.
Unloading 1809 Unused Serialized files (Serialized files now loaded: 0)
System memory in use before: 88.5 MB.
System memory in use after: 88.5 MB.

Unloading 12 unused Assets to reduce memory usage. Loaded Objects now: 2343.
Total: 2.454900 ms (FindLiveObjects: 0.245000 ms CreateObjectMapping: 0.043200 ms MarkObjects: 2.044200 ms  DeleteObjects: 0.121300 ms)

========================================================================
Received Prepare
Registering precompiled user dll's ...
Registered in 0.001014 seconds.
Begin MonoManager ReloadAssembly
Native extension for WindowsStandalone target not found
Refreshing native plugins compatible for Editor in 0.43 ms, found 1 plugins.
Preloading 0 native plugins for Editor in 0.00 ms.
Mono: successfully reloaded assembly
- Completed reload, in  0.712 seconds
Platform modules already initialized, skipping
Refreshing native plugins compatible for Editor in 0.48 ms, found 1 plugins.
Preloading 0 native plugins for Editor in 0.00 ms.
Unloading 1809 Unused Serialized files (Serialized files now loaded: 0)
System memory in use before: 88.5 MB.
System memory in use after: 88.5 MB.

Unloading 12 unused Assets to reduce memory usage. Loaded Objects now: 2347.
Total: 2.292700 ms (FindLiveObjects: 0.271100 ms CreateObjectMapping: 0.049900 ms MarkObjects: 1.851600 ms  DeleteObjects: 0.117600 ms)

========================================================================
Received Prepare
Registering precompiled user dll's ...
Registered in 0.001024 seconds.
Begin MonoManager ReloadAssembly
Native extension for WindowsStandalone target not found
Refreshing native plugins compatible for Editor in 0.44 ms, found 1 plugins.
Preloading 0 native plugins for Editor in 0.00 ms.
Mono: successfully reloaded assembly
- Completed reload, in  0.704 seconds
Platform modules already initialized, skipping
Refreshing native plugins compatible for Editor in 0.55 ms, found 1 plugins.
Preloading 0 native plugins for Editor in 0.00 ms.
Unloading 1809 Unused Serialized files (Serialized files now loaded: 0)
System memory in use before: 88.5 MB.
System memory in use after: 88.5 MB.

Unloading 12 unused Assets to reduce memory usage. Loaded Objects now: 2351.
Total: 2.312100 ms (FindLiveObjects: 0.277900 ms CreateObjectMapping: 0.040700 ms MarkObjects: 1.878800 ms  DeleteObjects: 0.113100 ms)

========================================================================
Received Prepare
Registering precompiled user dll's ...
Registered in 0.001053 seconds.
Begin MonoManager ReloadAssembly
Native extension for WindowsStandalone target not found
Refreshing native plugins compatible for Editor in 0.47 ms, found 1 plugins.
Preloading 0 native plugins for Editor in 0.00 ms.
Mono: successfully reloaded assembly
- Completed reload, in  0.741 seconds
Platform modules already initialized, skipping
Refreshing native plugins compatible for Editor in 0.43 ms, found 1 plugins.
Preloading 0 native plugins for Editor in 0.00 ms.
Unloading 1809 Unused Serialized files (Serialized files now loaded: 0)
System memory in use before: 88.5 MB.
System memory in use after: 88.5 MB.

Unloading 12 unused Assets to reduce memory usage. Loaded Objects now: 2355.
Total: 2.322100 ms (FindLiveObjects: 0.278600 ms CreateObjectMapping: 0.044500 ms MarkObjects: 1.888300 ms  DeleteObjects: 0.109400 ms)

========================================================================
Received Prepare
Registering precompiled user dll's ...
Registered in 0.001017 seconds.
Begin MonoManager ReloadAssembly
Native extension for WindowsStandalone target not found
Refreshing native plugins compatible for Editor in 0.42 ms, found 1 plugins.
Preloading 0 native plugins for Editor in 0.00 ms.
Mono: successfully reloaded assembly
- Completed reload, in  0.735 seconds
Platform modules already initialized, skipping
Refreshing native plugins compatible for Editor in 0.42 ms, found 1 plugins.
Preloading 0 native plugins for Editor in 0.00 ms.
Unloading 1809 Unused Serialized files (Serialized files now loaded: 0)
System memory in use before: 88.5 MB.
System memory in use after: 88.5 MB.

Unloading 12 unused Assets to reduce memory usage. Loaded Objects now: 2359.
Total: 2.290300 ms (FindLiveObjects: 0.288500 ms CreateObjectMapping: 0.045800 ms MarkObjects: 1.838500 ms  DeleteObjects: 0.116300 ms)

========================================================================
Received Prepare
Registering precompiled user dll's ...
Registered in 0.000995 seconds.
Begin MonoManager ReloadAssembly
Native extension for WindowsStandalone target not found
Refreshing native plugins compatible for Editor in 0.42 ms, found 1 plugins.
Preloading 0 native plugins for Editor in 0.00 ms.
Mono: successfully reloaded assembly
- Completed reload, in  0.721 seconds
Platform modules already initialized, skipping
Refreshing native plugins compatible for Editor in 0.42 ms, found 1 plugins.
Preloading 0 native plugins for Editor in 0.00 ms.
Unloading 1809 Unused Serialized files (Serialized files now loaded: 0)
System memory in use before: 88.5 MB.
System memory in use after: 88.5 MB.

Unloading 12 unused Assets to reduce memory usage. Loaded Objects now: 2363.
Total: 1.945300 ms (FindLiveObjects: 0.219600 ms CreateObjectMapping: 0.048100 ms MarkObjects: 1.573200 ms  DeleteObjects: 0.103600 ms)

========================================================================
Received Prepare
Registering precompiled user dll's ...
Registered in 0.000911 seconds.
Begin MonoManager ReloadAssembly
Native extension for WindowsStandalone target not found
Refreshing native plugins compatible for Editor in 0.41 ms, found 1 plugins.
Preloading 0 native plugins for Editor in 0.00 ms.
Mono: successfully reloaded assembly
- Completed reload, in  0.709 seconds
Platform modules already initialized, skipping
Refreshing native plugins compatible for Editor in 0.42 ms, found 1 plugins.
Preloading 0 native plugins for Editor in 0.00 ms.
Unloading 1809 Unused Serialized files (Serialized files now loaded: 0)
System memory in use before: 88.5 MB.
System memory in use after: 88.5 MB.

Unloading 12 unused Assets to reduce memory usage. Loaded Objects now: 2367.
Total: 2.135500 ms (FindLiveObjects: 0.306100 ms CreateObjectMapping: 0.049900 ms MarkObjects: 1.660200 ms  DeleteObjects: 0.118300 ms)

========================================================================
Received Import Request.
  Time since last request: 1465.832171 seconds.
  path: Assets/Castlevania/Assets/Audio/healing.mp3
  artifactKey: Guid(af163f725a8e96f4192a3a20c6d99a3a) Importer(815301076,1909f56bfc062723c751e8b465ee728b)
Start importing Assets/Castlevania/Assets/Audio/healing.mp3 using Guid(af163f725a8e96f4192a3a20c6d99a3a) Importer(815301076,1909f56bfc062723c751e8b465ee728b)  -> (artifact id: '2eb73330d4e4970453c60751cc7f4951') in 0.050732 seconds
  Import took 0.054168 seconds .

========================================================================
Received Prepare
Registering precompiled user dll's ...
Registered in 0.001142 seconds.
Begin MonoManager ReloadAssembly
Native extension for WindowsStandalone target not found
Refreshing native plugins compatible for Editor in 0.42 ms, found 1 plugins.
Preloading 0 native plugins for Editor in 0.00 ms.
Mono: successfully reloaded assembly
- Completed reload, in  0.723 seconds
Platform modules already initialized, skipping
Refreshing native plugins compatible for Editor in 0.43 ms, found 1 plugins.
Preloading 0 native plugins for Editor in 0.00 ms.
Unloading 1809 Unused Serialized files (Serialized files now loaded: 0)
System memory in use before: 88.5 MB.
System memory in use after: 88.5 MB.

Unloading 12 unused Assets to reduce memory usage. Loaded Objects now: 2372.
Total: 2.257300 ms (FindLiveObjects: 0.242200 ms CreateObjectMapping: 0.041300 ms MarkObjects: 1.863400 ms  DeleteObjects: 0.109500 ms)

========================================================================
Received Prepare
Registering precompiled user dll's ...
Registered in 0.000980 seconds.
Begin MonoManager ReloadAssembly
Native extension for WindowsStandalone target not found
Refreshing native plugins compatible for Editor in 0.44 ms, found 1 plugins.
Preloading 0 native plugins for Editor in 0.00 ms.
Mono: successfully reloaded assembly
- Completed reload, in  0.709 seconds
Platform modules already initialized, skipping
Refreshing native plugins compatible for Editor in 0.47 ms, found 1 plugins.
Preloading 0 native plugins for Editor in 0.00 ms.
Unloading 1809 Unused Serialized files (Serialized files now loaded: 0)
System memory in use before: 88.6 MB.
System memory in use after: 88.5 MB.

Unloading 12 unused Assets to reduce memory usage. Loaded Objects now: 2376.
Total: 2.508700 ms (FindLiveObjects: 0.355300 ms CreateObjectMapping: 0.114800 ms MarkObjects: 1.925700 ms  DeleteObjects: 0.111800 ms)

========================================================================
Received Prepare
Registering precompiled user dll's ...
Registered in 0.001004 seconds.
Begin MonoManager ReloadAssembly
Native extension for WindowsStandalone target not found
Refreshing native plugins compatible for Editor in 0.43 ms, found 1 plugins.
Preloading 0 native plugins for Editor in 0.00 ms.
Mono: successfully reloaded assembly
- Completed reload, in  0.700 seconds
Platform modules already initialized, skipping
Refreshing native plugins compatible for Editor in 0.45 ms, found 1 plugins.
Preloading 0 native plugins for Editor in 0.00 ms.
Unloading 1809 Unused Serialized files (Serialized files now loaded: 0)
System memory in use before: 88.6 MB.
System memory in use after: 88.5 MB.

Unloading 12 unused Assets to reduce memory usage. Loaded Objects now: 2380.
Total: 2.043100 ms (FindLiveObjects: 0.237900 ms CreateObjectMapping: 0.048500 ms MarkObjects: 1.649600 ms  DeleteObjects: 0.106000 ms)

========================================================================
Received Prepare
Registering precompiled user dll's ...
Registered in 0.001122 seconds.
Begin MonoManager ReloadAssembly
Native extension for WindowsStandalone target not found
Refreshing native plugins compatible for Editor in 0.46 ms, found 1 plugins.
Preloading 0 native plugins for Editor in 0.00 ms.
Mono: successfully reloaded assembly
- Completed reload, in  0.713 seconds
Platform modules already initialized, skipping
Refreshing native plugins compatible for Editor in 0.43 ms, found 1 plugins.
Preloading 0 native plugins for Editor in 0.00 ms.
Unloading 1809 Unused Serialized files (Serialized files now loaded: 0)
System memory in use before: 88.6 MB.
System memory in use after: 88.6 MB.

Unloading 12 unused Assets to reduce memory usage. Loaded Objects now: 2384.
Total: 2.255700 ms (FindLiveObjects: 0.279800 ms CreateObjectMapping: 0.040700 ms MarkObjects: 1.823800 ms  DeleteObjects: 0.110100 ms)

========================================================================
Received Prepare
Registering precompiled user dll's ...
Registered in 0.000952 seconds.
Begin MonoManager ReloadAssembly
Native extension for WindowsStandalone target not found
Refreshing native plugins compatible for Editor in 0.42 ms, found 1 plugins.
Preloading 0 native plugins for Editor in 0.00 ms.
Mono: successfully reloaded assembly
- Completed reload, in  0.706 seconds
Platform modules already initialized, skipping
Refreshing native plugins compatible for Editor in 0.47 ms, found 1 plugins.
Preloading 0 native plugins for Editor in 0.00 ms.
Unloading 1809 Unused Serialized files (Serialized files now loaded: 0)
System memory in use before: 88.6 MB.
System memory in use after: 88.6 MB.

Unloading 12 unused Assets to reduce memory usage. Loaded Objects now: 2388.
Total: 2.104400 ms (FindLiveObjects: 0.240100 ms CreateObjectMapping: 0.043500 ms MarkObjects: 1.703100 ms  DeleteObjects: 0.116700 ms)

========================================================================
Received Prepare
Registering precompiled user dll's ...
Registered in 0.000991 seconds.
Begin MonoManager ReloadAssembly
Native extension for WindowsStandalone target not found
Refreshing native plugins compatible for Editor in 0.42 ms, found 1 plugins.
Preloading 0 native plugins for Editor in 0.00 ms.
Mono: successfully reloaded assembly
- Completed reload, in  0.717 seconds
Platform modules already initialized, skipping
Refreshing native plugins compatible for Editor in 0.41 ms, found 1 plugins.
Preloading 0 native plugins for Editor in 0.00 ms.
Unloading 1809 Unused Serialized files (Serialized files now loaded: 0)
System memory in use before: 88.6 MB.
System memory in use after: 88.6 MB.

Unloading 12 unused Assets to reduce memory usage. Loaded Objects now: 2392.
Total: 2.236600 ms (FindLiveObjects: 0.228700 ms CreateObjectMapping: 0.041900 ms MarkObjects: 1.823700 ms  DeleteObjects: 0.141200 ms)

========================================================================
Received Prepare
Registering precompiled user dll's ...
Registered in 0.000955 seconds.
Begin MonoManager ReloadAssembly
Native extension for WindowsStandalone target not found
Refreshing native plugins compatible for Editor in 0.46 ms, found 1 plugins.
Preloading 0 native plugins for Editor in 0.00 ms.
Mono: successfully reloaded assembly
- Completed reload, in  0.734 seconds
Platform modules already initialized, skipping
Refreshing native plugins compatible for Editor in 0.45 ms, found 1 plugins.
Preloading 0 native plugins for Editor in 0.00 ms.
Unloading 1809 Unused Serialized files (Serialized files now loaded: 0)
System memory in use before: 88.6 MB.
System memory in use after: 88.6 MB.

Unloading 12 unused Assets to reduce memory usage. Loaded Objects now: 2396.
Total: 2.587100 ms (FindLiveObjects: 0.315400 ms CreateObjectMapping: 0.045300 ms MarkObjects: 2.110500 ms  DeleteObjects: 0.114800 ms)

========================================================================
Received Import Request.
  Time since last request: 455.555957 seconds.
  path: Assets/Castlevania/Assets/Audio/healing.mp3
  artifactKey: Guid(af163f725a8e96f4192a3a20c6d99a3a) Importer(815301076,1909f56bfc062723c751e8b465ee728b)
Start importing Assets/Castlevania/Assets/Audio/healing.mp3 using Guid(af163f725a8e96f4192a3a20c6d99a3a) Importer(815301076,1909f56bfc062723c751e8b465ee728b)  -> (artifact id: '5130c1ee6086e099f645e5b57f80602c') in 0.039689 seconds
  Import took 0.042879 seconds .

========================================================================
Received Prepare
Registering precompiled user dll's ...
Registered in 0.000924 seconds.
Begin MonoManager ReloadAssembly
Native extension for WindowsStandalone target not found
Refreshing native plugins compatible for Editor in 0.50 ms, found 1 plugins.
Preloading 0 native plugins for Editor in 0.00 ms.
Mono: successfully reloaded assembly
- Completed reload, in  0.707 seconds
Platform modules already initialized, skipping
Refreshing native plugins compatible for Editor in 0.40 ms, found 1 plugins.
Preloading 0 native plugins for Editor in 0.00 ms.
Unloading 1809 Unused Serialized files (Serialized files now loaded: 0)
System memory in use before: 88.6 MB.
System memory in use after: 88.6 MB.

Unloading 12 unused Assets to reduce memory usage. Loaded Objects now: 2401.
Total: 2.266900 ms (FindLiveObjects: 0.246100 ms CreateObjectMapping: 0.043000 ms MarkObjects: 1.866900 ms  DeleteObjects: 0.109800 ms)

========================================================================
Received Import Request.
  Time since last request: 228.395069 seconds.
  path: Assets/Castlevania/Sprites/Enemies/Boss Cerbers
  artifactKey: Guid(f50c43e23f24dee40a6948d1eaaafa7d) Importer(815301076,1909f56bfc062723c751e8b465ee728b)
Start importing Assets/Castlevania/Sprites/Enemies/Boss Cerbers using Guid(f50c43e23f24dee40a6948d1eaaafa7d) Importer(815301076,1909f56bfc062723c751e8b465ee728b)  -> (artifact id: '87df042c17dcdbd2c05e087a9d067803') in 0.010658 seconds
  Import took 0.014076 seconds .

========================================================================
Received Import Request.
  Time since last request: 9.843924 seconds.
  path: Assets/Castlevania/Sprites/Enemies/Boss Cerberus
  artifactKey: Guid(f50c43e23f24dee40a6948d1eaaafa7d) Importer(815301076,1909f56bfc062723c751e8b465ee728b)
Start importing Assets/Castlevania/Sprites/Enemies/Boss Cerberus using Guid(f50c43e23f24dee40a6948d1eaaafa7d) Importer(815301076,1909f56bfc062723c751e8b465ee728b)  -> (artifact id: '385ab3212cac80f2a061521cc24ba41d') in 0.007687 seconds
  Import took 0.010668 seconds .

========================================================================
Received Import Request.
  Time since last request: 7.013635 seconds.
  path: Assets/Castlevania/Sprites/Enemies/Boss Cerberus/Boss_Cerberus.png
  artifactKey: Guid(b6cdaad2206f2094bbfeac2f56fb5295) Importer(815301076,1909f56bfc062723c751e8b465ee728b)
Start importing Assets/Castlevania/Sprites/Enemies/Boss Cerberus/Boss_Cerberus.png using Guid(b6cdaad2206f2094bbfeac2f56fb5295) Importer(815301076,1909f56bfc062723c751e8b465ee728b)  -> (artifact id: 'abfd7b68d20a3505474734d8a853be59') in 0.049249 seconds
  Import took 0.052487 seconds .

========================================================================
Received Import Request.
  Time since last request: 96.211036 seconds.
  path: Assets/Castlevania/Sprites/Enemies/Boss Cerberus/Boss_Cerberus.png
  artifactKey: Guid(b6cdaad2206f2094bbfeac2f56fb5295) Importer(815301076,1909f56bfc062723c751e8b465ee728b)
Start importing Assets/Castlevania/Sprites/Enemies/Boss Cerberus/Boss_Cerberus.png using Guid(b6cdaad2206f2094bbfeac2f56fb5295) Importer(815301076,1909f56bfc062723c751e8b465ee728b)  -> (artifact id: 'e4e51ead2fd022e6a36e98ed160b3129') in 0.064957 seconds
  Import took 0.068388 seconds .

========================================================================
Received Import Request.
  Time since last request: 23.150775 seconds.
  path: Assets/Castlevania/Sprites/Enemies/Boss Cerberus/Boss_Cerberus_0.controller
  artifactKey: Guid(fb8f6af56f5366c41bd26c55a2f27a98) Importer(815301076,1909f56bfc062723c751e8b465ee728b)
Start importing Assets/Castlevania/Sprites/Enemies/Boss Cerberus/Boss_Cerberus_0.controller using Guid(fb8f6af56f5366c41bd26c55a2f27a98) Importer(815301076,1909f56bfc062723c751e8b465ee728b)  -> (artifact id: 'c7114d178ff88e8b890fd6c6ba7e740e') in 0.011845 seconds
  Import took 0.014887 seconds .

========================================================================
Received Import Request.
  Time since last request: 241.197143 seconds.
  path: Assets/Castlevania/Sprites/Enemies/Boss Cerberus/Boss_Cerberus.anim
  artifactKey: Guid(2532b8efb9b40d643a697d6afb9b72a0) Importer(815301076,1909f56bfc062723c751e8b465ee728b)
Start importing Assets/Castlevania/Sprites/Enemies/Boss Cerberus/Boss_Cerberus.anim using Guid(2532b8efb9b40d643a697d6afb9b72a0) Importer(815301076,1909f56bfc062723c751e8b465ee728b)  -> (artifact id: '1dbb1ffacf77a7d9a740d58ef9021511') in 0.004938 seconds
  Import took 0.008450 seconds .

========================================================================
Received Prepare
Registering precompiled user dll's ...
Registered in 0.001166 seconds.
Begin MonoManager ReloadAssembly
Native extension for WindowsStandalone target not found
Refreshing native plugins compatible for Editor in 0.41 ms, found 1 plugins.
Preloading 0 native plugins for Editor in 0.00 ms.
Mono: successfully reloaded assembly
- Completed reload, in  0.709 seconds
Platform modules already initialized, skipping
Refreshing native plugins compatible for Editor in 0.44 ms, found 1 plugins.
Preloading 0 native plugins for Editor in 0.00 ms.
Unloading 1809 Unused Serialized files (Serialized files now loaded: 0)
System memory in use before: 88.7 MB.
System memory in use after: 88.6 MB.

Unloading 12 unused Assets to reduce memory usage. Loaded Objects now: 2430.
Total: 2.310300 ms (FindLiveObjects: 0.266400 ms CreateObjectMapping: 0.044600 ms MarkObjects: 1.870200 ms  DeleteObjects: 0.127900 ms)

========================================================================
Received Import Request.
  Time since last request: 945.928190 seconds.
  path: Assets/Castlevania/Scripts/BossHit.cs
  artifactKey: Guid(b87e62cb276616d46b023631e7f17ab0) Importer(815301076,1909f56bfc062723c751e8b465ee728b)
Start importing Assets/Castlevania/Scripts/BossHit.cs using Guid(b87e62cb276616d46b023631e7f17ab0) Importer(815301076,1909f56bfc062723c751e8b465ee728b)  -> (artifact id: '8475e4ddc5d5e7acc873ffce6f48919b') in 0.012270 seconds
  Import took 0.015367 seconds .

========================================================================
Received Import Request.
  Time since last request: 0.063683 seconds.
  path: Assets/Castlevania/Scripts/BossHit.cs
  artifactKey: Guid(b87e62cb276616d46b023631e7f17ab0) Importer(815301076,1909f56bfc062723c751e8b465ee728b)
Start importing Assets/Castlevania/Scripts/BossHit.cs using Guid(b87e62cb276616d46b023631e7f17ab0) Importer(815301076,1909f56bfc062723c751e8b465ee728b)  -> (artifact id: '8475e4ddc5d5e7acc873ffce6f48919b') in 0.002380 seconds
  Import took 0.005535 seconds .

========================================================================
Received Prepare
Registering precompiled user dll's ...
Registered in 0.000925 seconds.
Begin MonoManager ReloadAssembly
Native extension for WindowsStandalone target not found
Refreshing native plugins compatible for Editor in 0.43 ms, found 1 plugins.
Preloading 0 native plugins for Editor in 0.00 ms.
Mono: successfully reloaded assembly
- Completed reload, in  0.696 seconds
Platform modules already initialized, skipping
Refreshing native plugins compatible for Editor in 0.43 ms, found 1 plugins.
Preloading 0 native plugins for Editor in 0.00 ms.
Unloading 1810 Unused Serialized files (Serialized files now loaded: 0)
System memory in use before: 88.7 MB.
System memory in use after: 88.7 MB.

Unloading 12 unused Assets to reduce memory usage. Loaded Objects now: 2435.
Total: 2.120200 ms (FindLiveObjects: 0.245300 ms CreateObjectMapping: 0.044000 ms MarkObjects: 1.656600 ms  DeleteObjects: 0.173000 ms)

========================================================================
Received Prepare
Registering precompiled user dll's ...
Registered in 0.001169 seconds.
Begin MonoManager ReloadAssembly
Native extension for WindowsStandalone target not found
Refreshing native plugins compatible for Editor in 0.43 ms, found 1 plugins.
Preloading 0 native plugins for Editor in 0.00 ms.
Mono: successfully reloaded assembly
- Completed reload, in  0.703 seconds
Platform modules already initialized, skipping
Refreshing native plugins compatible for Editor in 0.41 ms, found 1 plugins.
Preloading 0 native plugins for Editor in 0.00 ms.
Unloading 1810 Unused Serialized files (Serialized files now loaded: 0)
System memory in use before: 88.7 MB.
System memory in use after: 88.7 MB.

Unloading 12 unused Assets to reduce memory usage. Loaded Objects now: 2439.
Total: 2.390800 ms (FindLiveObjects: 0.242100 ms CreateObjectMapping: 0.042400 ms MarkObjects: 1.990700 ms  DeleteObjects: 0.114400 ms)

========================================================================
Received Prepare
Registering precompiled user dll's ...
Registered in 0.001041 seconds.
Begin MonoManager ReloadAssembly
Native extension for WindowsStandalone target not found
Refreshing native plugins compatible for Editor in 0.42 ms, found 1 plugins.
Preloading 0 native plugins for Editor in 0.00 ms.
Mono: successfully reloaded assembly
- Completed reload, in  0.697 seconds
Platform modules already initialized, skipping
Refreshing native plugins compatible for Editor in 0.42 ms, found 1 plugins.
Preloading 0 native plugins for Editor in 0.00 ms.
Unloading 1810 Unused Serialized files (Serialized files now loaded: 0)
System memory in use before: 88.7 MB.
System memory in use after: 88.7 MB.

Unloading 12 unused Assets to reduce memory usage. Loaded Objects now: 2443.
Total: 2.254500 ms (FindLiveObjects: 0.262300 ms CreateObjectMapping: 0.052100 ms MarkObjects: 1.829200 ms  DeleteObjects: 0.109800 ms)

